-------------------------------------------------------------------------------
Test set: org.weso.acota.core.business.enhancer.OpenNLPEnhancerTest
-------------------------------------------------------------------------------
Tests run: 21, Failures: 0, Errors: 1, Skipped: 0, Time elapsed: 0.123 sec <<< FAILURE!
enhanceTest(org.weso.acota.core.business.enhancer.OpenNLPEnhancerTest)  Time elapsed: 0.04 sec  <<< ERROR!
org.weso.acota.core.exceptions.AcotaModelException: Exception enhancing request.
	at org.weso.acota.core.business.enhancer.EnhancerAdapter.enhance(EnhancerAdapter.java:48)
	at org.weso.acota.core.business.enhancer.OpenNLPEnhancerTest.enhanceTest(OpenNLPEnhancerTest.java:118)
	at sun.reflect.NativeMethodAccessorImpl.invoke0(Native Method)
	at sun.reflect.NativeMethodAccessorImpl.invoke(NativeMethodAccessorImpl.java:57)
	at sun.reflect.DelegatingMethodAccessorImpl.invoke(DelegatingMethodAccessorImpl.java:43)
	at java.lang.reflect.Method.invoke(Method.java:601)
	at org.junit.internal.runners.TestMethod.invoke(TestMethod.java:59)
	at org.junit.internal.runners.MethodRoadie.runTestMethod(MethodRoadie.java:98)
	at org.junit.internal.runners.MethodRoadie$2.run(MethodRoadie.java:79)
	at org.junit.internal.runners.MethodRoadie.runBeforesThenTestThenAfters(MethodRoadie.java:87)
	at org.junit.internal.runners.MethodRoadie.runTest(MethodRoadie.java:77)
	at org.junit.internal.runners.MethodRoadie.run(MethodRoadie.java:42)
	at org.junit.internal.runners.JUnit4ClassRunner.invokeTestMethod(JUnit4ClassRunner.java:88)
	at org.junit.internal.runners.JUnit4ClassRunner.runMethods(JUnit4ClassRunner.java:51)
	at org.junit.internal.runners.JUnit4ClassRunner$1.run(JUnit4ClassRunner.java:44)
	at org.junit.internal.runners.ClassRoadie.runUnprotected(ClassRoadie.java:27)
	at org.junit.internal.runners.ClassRoadie.runProtected(ClassRoadie.java:37)
	at org.junit.internal.runners.JUnit4ClassRunner.run(JUnit4ClassRunner.java:42)
	at org.apache.maven.surefire.junit4.JUnit4TestSet.execute(JUnit4TestSet.java:53)
	at org.apache.maven.surefire.junit4.JUnit4Provider.executeTestSet(JUnit4Provider.java:123)
	at org.apache.maven.surefire.junit4.JUnit4Provider.invoke(JUnit4Provider.java:104)
	at sun.reflect.NativeMethodAccessorImpl.invoke0(Native Method)
	at sun.reflect.NativeMethodAccessorImpl.invoke(NativeMethodAccessorImpl.java:57)
	at sun.reflect.DelegatingMethodAccessorImpl.invoke(DelegatingMethodAccessorImpl.java:43)
	at java.lang.reflect.Method.invoke(Method.java:601)
	at org.apache.maven.surefire.util.ReflectionUtils.invokeMethodWithArray(ReflectionUtils.java:164)
	at org.apache.maven.surefire.booter.ProviderFactory$ProviderProxy.invoke(ProviderFactory.java:110)
	at org.apache.maven.surefire.booter.SurefireStarter.invokeProvider(SurefireStarter.java:175)
	at org.apache.maven.surefire.booter.SurefireStarter.runSuitesInProcessWhenForked(SurefireStarter.java:107)
	at org.apache.maven.surefire.booter.ForkedBooter.main(ForkedBooter.java:68)
Caused by: java.io.FileNotFoundException: ../SpanishPOS.bin (No existe el archivo o el directorio)
	at java.io.FileInputStream.open(Native Method)
	at java.io.FileInputStream.<init>(FileInputStream.java:138)
	at opennlp.maxent.io.SuffixSensitiveGISModelReader.<init>(SuffixSensitiveGISModelReader.java:54)
	at opennlp.tools.lang.spanish.SentenceDetector.<init>(SentenceDetector.java:42)
	at org.weso.acota.core.business.enhancer.OpenNLPEnhancer.analysisOfTerms(OpenNLPEnhancer.java:110)
	at org.weso.acota.core.business.enhancer.OpenNLPEnhancer.analyseDescriptionTerms(OpenNLPEnhancer.java:102)
	at org.weso.acota.core.business.enhancer.OpenNLPEnhancer.execute(OpenNLPEnhancer.java:86)
	at org.weso.acota.core.business.enhancer.EnhancerAdapter.enhance(EnhancerAdapter.java:40)
	... 29 more
