<?xml version="1.0" encoding="UTF-8" ?>
<testsuite failures="0" time="0.123" errors="1" skipped="0" tests="21" name="org.weso.acota.core.business.enhancer.OpenNLPEnhancerTest">
  <properties>
[...]
</properties>
  <testcase time="0" classname="org.weso.acota.core.business.enhancer.OpenNLPEnhancerTest" name="getProviderTest"/>
  <testcase time="0" classname="org.weso.acota.core.business.enhancer.OpenNLPEnhancerTest" name="preExecuteEmptyRequestTest"/>
  <testcase time="0" classname="org.weso.acota.core.business.enhancer.OpenNLPEnhancerTest" name="postExecuteTargetTermns"/>
  <testcase time="0.007" classname="org.weso.acota.core.business.enhancer.OpenNLPEnhancerTest" name="postExecuteTargetProviders"/>
  <testcase time="0.04" classname="org.weso.acota.core.business.enhancer.OpenNLPEnhancerTest" name="enhanceTest">
    <error message="Exception enhancing request." type="org.weso.acota.core.exceptions.AcotaModelException">org.weso.acota.core.exceptions.AcotaModelException: Exception enhancing request.
	at org.weso.acota.core.business.enhancer.EnhancerAdapter.enhance(EnhancerAdapter.java:48)
	at org.weso.acota.core.business.enhancer.OpenNLPEnhancerTest.enhanceTest(OpenNLPEnhancerTest.java:118)
	at sun.reflect.NativeMethodAccessorImpl.invoke0(Native Method)
	at sun.reflect.NativeMethodAccessorImpl.invoke(NativeMethodAccessorImpl.java:57)
	at sun.reflect.DelegatingMethodAccessorImpl.invoke(DelegatingMethodAccessorImpl.java:43)
	at java.lang.reflect.Method.invoke(Method.java:601)
	at org.junit.internal.runners.TestMethod.invoke(TestMethod.java:59)
	at org.junit.internal.runners.MethodRoadie.runTestMethod(MethodRoadie.java:98)
	at org.junit.internal.runners.MethodRoadie$2.run(MethodRoadie.java:79)
	at org.junit.internal.runners.MethodRoadie.runBeforesThenTestThenAfters(MethodRoadie.java:87)
	at org.junit.internal.runners.MethodRoadie.runTest(MethodRoadie.java:77)
	at org.junit.internal.runners.MethodRoadie.run(MethodRoadie.java:42)
	at org.junit.internal.runners.JUnit4ClassRunner.invokeTestMethod(JUnit4ClassRunner.java:88)
	at org.junit.internal.runners.JUnit4ClassRunner.runMethods(JUnit4ClassRunner.java:51)
	at org.junit.internal.runners.JUnit4ClassRunner$1.run(JUnit4ClassRunner.java:44)
	at org.junit.internal.runners.ClassRoadie.runUnprotected(ClassRoadie.java:27)
	at org.junit.internal.runners.ClassRoadie.runProtected(ClassRoadie.java:37)
	at org.junit.internal.runners.JUnit4ClassRunner.run(JUnit4ClassRunner.java:42)
	at org.apache.maven.surefire.junit4.JUnit4TestSet.execute(JUnit4TestSet.java:53)
	at org.apache.maven.surefire.junit4.JUnit4Provider.executeTestSet(JUnit4Provider.java:123)
	at org.apache.maven.surefire.junit4.JUnit4Provider.invoke(JUnit4Provider.java:104)
	at sun.reflect.NativeMethodAccessorImpl.invoke0(Native Method)
	at sun.reflect.NativeMethodAccessorImpl.invoke(NativeMethodAccessorImpl.java:57)
	at sun.reflect.DelegatingMethodAccessorImpl.invoke(DelegatingMethodAccessorImpl.java:43)
	at java.lang.reflect.Method.invoke(Method.java:601)
	at org.apache.maven.surefire.util.ReflectionUtils.invokeMethodWithArray(ReflectionUtils.java:164)
	at org.apache.maven.surefire.booter.ProviderFactory$ProviderProxy.invoke(ProviderFactory.java:110)
	at org.apache.maven.surefire.booter.SurefireStarter.invokeProvider(SurefireStarter.java:175)
	at org.apache.maven.surefire.booter.SurefireStarter.runSuitesInProcessWhenForked(SurefireStarter.java:107)
	at org.apache.maven.surefire.booter.ForkedBooter.main(ForkedBooter.java:68)
Caused by: java.io.FileNotFoundException: ../SpanishPOS.bin (No existe el archivo o el directorio)
	at java.io.FileInputStream.open(Native Method)
	at java.io.FileInputStream.&lt;init&gt;(FileInputStream.java:138)
	at opennlp.maxent.io.SuffixSensitiveGISModelReader.&lt;init&gt;(SuffixSensitiveGISModelReader.java:54)
	at opennlp.tools.lang.spanish.SentenceDetector.&lt;init&gt;(SentenceDetector.java:42)
	at org.weso.acota.core.business.enhancer.OpenNLPEnhancer.analysisOfTerms(OpenNLPEnhancer.java:110)
	at org.weso.acota.core.business.enhancer.OpenNLPEnhancer.analyseDescriptionTerms(OpenNLPEnhancer.java:102)
	at org.weso.acota.core.business.enhancer.OpenNLPEnhancer.execute(OpenNLPEnhancer.java:86)
	at org.weso.acota.core.business.enhancer.EnhancerAdapter.enhance(EnhancerAdapter.java:40)
	... 29 more
</error>
    <system-err>java.io.FileNotFoundException: ../SpanishPOS.bin (No existe el archivo o el directorio)
	at java.io.FileInputStream.open(Native Method)
	at java.io.FileInputStream.&lt;init&gt;(FileInputStream.java:138)
	at opennlp.maxent.io.SuffixSensitiveGISModelReader.&lt;init&gt;(SuffixSensitiveGISModelReader.java:54)
	at opennlp.tools.lang.spanish.SentenceDetector.&lt;init&gt;(SentenceDetector.java:42)
	at org.weso.acota.core.business.enhancer.OpenNLPEnhancer.analysisOfTerms(OpenNLPEnhancer.java:110)
	at org.weso.acota.core.business.enhancer.OpenNLPEnhancer.analyseDescriptionTerms(OpenNLPEnhancer.java:102)
	at org.weso.acota.core.business.enhancer.OpenNLPEnhancer.execute(OpenNLPEnhancer.java:86)
	at org.weso.acota.core.business.enhancer.EnhancerAdapter.enhance(EnhancerAdapter.java:40)
	at org.weso.acota.core.business.enhancer.OpenNLPEnhancerTest.enhanceTest(OpenNLPEnhancerTest.java:118)
	at sun.reflect.NativeMethodAccessorImpl.invoke0(Native Method)
	at sun.reflect.NativeMethodAccessorImpl.invoke(NativeMethodAccessorImpl.java:57)
	at sun.reflect.DelegatingMethodAccessorImpl.invoke(DelegatingMethodAccessorImpl.java:43)
	at java.lang.reflect.Method.invoke(Method.java:601)
	at org.junit.internal.runners.TestMethod.invoke(TestMethod.java:59)
	at org.junit.internal.runners.MethodRoadie.runTestMethod(MethodRoadie.java:98)
	at org.junit.internal.runners.MethodRoadie$2.run(MethodRoadie.java:79)
	at org.junit.internal.runners.MethodRoadie.runBeforesThenTestThenAfters(MethodRoadie.java:87)
	at org.junit.internal.runners.MethodRoadie.runTest(MethodRoadie.java:77)
	at org.junit.internal.runners.MethodRoadie.run(MethodRoadie.java:42)
	at org.junit.internal.runners.JUnit4ClassRunner.invokeTestMethod(JUnit4ClassRunner.java:88)
	at org.junit.internal.runners.JUnit4ClassRunner.runMethods(JUnit4ClassRunner.java:51)
	at org.junit.internal.runners.JUnit4ClassRunner$1.run(JUnit4ClassRunner.java:44)
	at org.junit.internal.runners.ClassRoadie.runUnprotected(ClassRoadie.java:27)
	at org.junit.internal.runners.ClassRoadie.runProtected(ClassRoadie.java:37)
	at org.junit.internal.runners.JUnit4ClassRunner.run(JUnit4ClassRunner.java:42)
	at org.apache.maven.surefire.junit4.JUnit4TestSet.execute(JUnit4TestSet.java:53)
	at org.apache.maven.surefire.junit4.JUnit4Provider.executeTestSet(JUnit4Provider.java:123)
	at org.apache.maven.surefire.junit4.JUnit4Provider.invoke(JUnit4Provider.java:104)
	at sun.reflect.NativeMethodAccessorImpl.invoke0(Native Method)
	at sun.reflect.NativeMethodAccessorImpl.invoke(NativeMethodAccessorImpl.java:57)
	at sun.reflect.DelegatingMethodAccessorImpl.invoke(DelegatingMethodAccessorImpl.java:43)
	at java.lang.reflect.Method.invoke(Method.java:601)
	at org.apache.maven.surefire.util.ReflectionUtils.invokeMethodWithArray(ReflectionUtils.java:164)
	at org.apache.maven.surefire.booter.ProviderFactory$ProviderProxy.invoke(ProviderFactory.java:110)
	at org.apache.maven.surefire.booter.SurefireStarter.invokeProvider(SurefireStarter.java:175)
	at org.apache.maven.surefire.booter.SurefireStarter.runSuitesInProcessWhenForked(SurefireStarter.java:107)
	at org.apache.maven.surefire.booter.ForkedBooter.main(ForkedBooter.java:68)
</system-err>
  </testcase>
  <testcase time="0.005" classname="org.weso.acota.core.business.enhancer.OpenNLPEnhancerTest" name="OpenNLPEConstructorPronouns"/>
  <testcase time="0.003" classname="org.weso.acota.core.business.enhancer.OpenNLPEnhancerTest" name="OpenNLPEConstructorVerbs"/>
  <testcase time="0.004" classname="org.weso.acota.core.business.enhancer.OpenNLPEnhancerTest" name="OpenNLPEConstructorNumbers"/>
  <testcase time="0.004" classname="org.weso.acota.core.business.enhancer.OpenNLPEnhancerTest" name="OpenNLPEConstructorTokens"/>
  <testcase time="0.005" classname="org.weso.acota.core.business.enhancer.OpenNLPEnhancerTest" name="processSentenceEmpty"/>
  <testcase time="0.006" classname="org.weso.acota.core.business.enhancer.OpenNLPEnhancerTest" name="processSentenceDoNothin"/>
  <testcase time="0.005" classname="org.weso.acota.core.business.enhancer.OpenNLPEnhancerTest" name="processSentenceRemoveAll"/>
  <testcase time="0.004" classname="org.weso.acota.core.business.enhancer.OpenNLPEnhancerTest" name="calculateMaxValueEmptyTest"/>
  <testcase time="0.004" classname="org.weso.acota.core.business.enhancer.OpenNLPEnhancerTest" name="findAndremoveNotMatch"/>
  <testcase time="0.004" classname="org.weso.acota.core.business.enhancer.OpenNLPEnhancerTest" name="findAndremoveTest"/>
  <testcase time="0.005" classname="org.weso.acota.core.business.enhancer.OpenNLPEnhancerTest" name="findAndChangePronounsEmpty"/>
  <testcase time="0.004" classname="org.weso.acota.core.business.enhancer.OpenNLPEnhancerTest" name="findAndChangePronounsTest"/>
  <testcase time="0.004" classname="org.weso.acota.core.business.enhancer.OpenNLPEnhancerTest" name="findAndChangeVerbsEmpty"/>
  <testcase time="0.004" classname="org.weso.acota.core.business.enhancer.OpenNLPEnhancerTest" name="findAndChangeVerbsTest"/>
  <testcase time="0.004" classname="org.weso.acota.core.business.enhancer.OpenNLPEnhancerTest" name="findAndChangeNumbersEmpty"/>
  <testcase time="0.004" classname="org.weso.acota.core.business.enhancer.OpenNLPEnhancerTest" name="findAndChangeNumbersTest"/>
</testsuite>